# JRE version: Java(TM) SE Runtime Environment (8.0_131-b11) (build 1.8.0_131-b11)
# Java VM: Java HotSpot(TM) 64-Bit Server VM (25.131-b11 mixed mode windows-amd64 compressed oops)
Heap:
 PSYoungGen      total 204288K, used 32171K [0x00000000d6f00000, 0x00000000e7680000, 0x0000000100000000)
  eden space 188416K, 9% used [0x00000000d6f00000,0x00000000d7fe5df0,0x00000000e2700000)
  from space 15872K, 93% used [0x00000000e2700000,0x00000000e3585198,0x00000000e3680000)
  to   space 17408K, 0% used [0x00000000e6580000,0x00000000e6580000,0x00000000e7680000)
 ParOldGen       total 100352K, used 23411K [0x0000000084c00000, 0x000000008ae00000, 0x00000000d6f00000)
  object space 100352K, 23% used [0x0000000084c00000,0x00000000862dcec8,0x000000008ae00000)
 Metaspace       used 44698K, capacity 45098K, committed 45440K, reserved 1089536K
  class space    used 5805K, capacity 5912K, committed 6016K, reserved 1048576K
GC Heap History (10 events):
Event: 3.218 GC heap before
{Heap before GC invocations=7 (full 1):
 PSYoungGen      total 136192K, used 5636K [0x00000000d6f00000, 0x00000000dfd00000, 0x0000000100000000)
  eden space 126976K, 0% used [0x00000000d6f00000,0x00000000d6f00000,0x00000000deb00000)
  from space 9216K, 61% used [0x00000000df400000,0x00000000df981350,0x00000000dfd00000)
  to   space 9216K, 0% used [0x00000000deb00000,0x00000000deb00000,0x00000000df400000)
 ParOldGen       total 84992K, used 5917K [0x0000000084c00000, 0x0000000089f00000, 0x00000000d6f00000)
  object space 84992K, 6% used [0x0000000084c00000,0x00000000851c7498,0x0000000089f00000)
 Metaspace       used 20938K, capacity 21216K, committed 21296K, reserved 1069056K
  class space    used 2567K, capacity 2677K, committed 2688K, reserved 1048576K
Event: 3.274 GC heap after
Heap after GC invocations=7 (full 1):
 PSYoungGen      total 136192K, used 0K [0x00000000d6f00000, 0x00000000dfd00000, 0x0000000100000000)
  eden space 126976K, 0% used [0x00000000d6f00000,0x00000000d6f00000,0x00000000deb00000)
  from space 9216K, 0% used [0x00000000df400000,0x00000000df400000,0x00000000dfd00000)
  to   space 9216K, 0% used [0x00000000deb00000,0x00000000deb00000,0x00000000df400000)
 ParOldGen       total 55808K, used 6585K [0x0000000084c00000, 0x0000000088280000, 0x00000000d6f00000)
  object space 55808K, 11% used [0x0000000084c00000,0x000000008526e728,0x0000000088280000)
 Metaspace       used 20938K, capacity 21216K, committed 21296K, reserved 1069056K
  class space    used 2567K, capacity 2677K, committed 2688K, reserved 1048576K
}
Event: 6.539 GC heap before
{Heap before GC invocations=8 (full 1):
 PSYoungGen      total 136192K, used 126976K [0x00000000d6f00000, 0x00000000dfd00000, 0x0000000100000000)
  eden space 126976K, 100% used [0x00000000d6f00000,0x00000000deb00000,0x00000000deb00000)
  from space 9216K, 0% used [0x00000000df400000,0x00000000df400000,0x00000000dfd00000)
  to   space 9216K, 0% used [0x00000000deb00000,0x00000000deb00000,0x00000000df400000)
 ParOldGen       total 55808K, used 6585K [0x0000000084c00000, 0x0000000088280000, 0x00000000d6f00000)
  object space 55808K, 11% used [0x0000000084c00000,0x000000008526e728,0x0000000088280000)
 Metaspace       used 27379K, capacity 27738K, committed 27904K, reserved 1073152K
  class space    used 3381K, capacity 3492K, committed 3584K, reserved 1048576K
Event: 6.551 GC heap after
Heap after GC invocations=8 (full 1):
 PSYoungGen      total 136192K, used 9205K [0x00000000d6f00000, 0x00000000e4180000, 0x0000000100000000)
  eden space 126976K, 0% used [0x00000000d6f00000,0x00000000d6f00000,0x00000000deb00000)
  from space 9216K, 99% used [0x00000000deb00000,0x00000000df3fd5b8,0x00000000df400000)
  to   space 11264K, 0% used [0x00000000e3680000,0x00000000e3680000,0x00000000e4180000)
 ParOldGen       total 55808K, used 8971K [0x0000000084c00000, 0x0000000088280000, 0x00000000d6f00000)
  object space 55808K, 16% used [0x0000000084c00000,0x00000000854c2f38,0x0000000088280000)
 Metaspace       used 27379K, capacity 27738K, committed 27904K, reserved 1073152K
  class space    used 3381K, capacity 3492K, committed 3584K, reserved 1048576K
}
Event: 7.927 GC heap before
{Heap before GC invocations=9 (full 1):
 PSYoungGen      total 136192K, used 130674K [0x00000000d6f00000, 0x00000000e4180000, 0x0000000100000000)
  eden space 126976K, 95% used [0x00000000d6f00000,0x00000000de59f478,0x00000000deb00000)
  from space 9216K, 99% used [0x00000000deb00000,0x00000000df3fd5b8,0x00000000df400000)
  to   space 11264K, 0% used [0x00000000e3680000,0x00000000e3680000,0x00000000e4180000)
 ParOldGen       total 55808K, used 8971K [0x0000000084c00000, 0x0000000088280000, 0x00000000d6f00000)
  object space 55808K, 16% used [0x0000000084c00000,0x00000000854c2f38,0x0000000088280000)
 Metaspace       used 34898K, capacity 35274K, committed 35496K, reserved 1081344K
  class space    used 4414K, capacity 4524K, committed 4608K, reserved 1048576K
Event: 7.939 GC heap after
Heap after GC invocations=9 (full 1):
 PSYoungGen      total 199680K, used 11261K [0x00000000d6f00000, 0x00000000e4600000, 0x0000000100000000)
  eden space 188416K, 0% used [0x00000000d6f00000,0x00000000d6f00000,0x00000000e2700000)
  from space 11264K, 99% used [0x00000000e3680000,0x00000000e417f518,0x00000000e4180000)
  to   space 15872K, 0% used [0x00000000e2700000,0x00000000e2700000,0x00000000e3680000)
 ParOldGen       total 55808K, used 15611K [0x0000000084c00000, 0x0000000088280000, 0x00000000d6f00000)
  object space 55808K, 27% used [0x0000000084c00000,0x0000000085b3ec30,0x0000000088280000)
 Metaspace       used 34898K, capacity 35274K, committed 35496K, reserved 1081344K
  class space    used 4414K, capacity 4524K, committed 4608K, reserved 1048576K
}
Event: 7.939 GC heap before
{Heap before GC invocations=10 (full 2):
 PSYoungGen      total 199680K, used 11261K [0x00000000d6f00000, 0x00000000e4600000, 0x0000000100000000)
  eden space 188416K, 0% used [0x00000000d6f00000,0x00000000d6f00000,0x00000000e2700000)
  from space 11264K, 99% used [0x00000000e3680000,0x00000000e417f518,0x00000000e4180000)
  to   space 15872K, 0% used [0x00000000e2700000,0x00000000e2700000,0x00000000e3680000)
 ParOldGen       total 55808K, used 15611K [0x0000000084c00000, 0x0000000088280000, 0x00000000d6f00000)
  object space 55808K, 27% used [0x0000000084c00000,0x0000000085b3ec30,0x0000000088280000)
 Metaspace       used 34898K, capacity 35274K, committed 35496K, reserved 1081344K
  class space    used 4414K, capacity 4524K, committed 4608K, reserved 1048576K
Event: 8.044 GC heap after
Heap after GC invocations=10 (full 2):
 PSYoungGen      total 199680K, used 0K [0x00000000d6f00000, 0x00000000e4600000, 0x0000000100000000)
  eden space 188416K, 0% used [0x00000000d6f00000,0x00000000d6f00000,0x00000000e2700000)
  from space 11264K, 0% used [0x00000000e3680000,0x00000000e3680000,0x00000000e4180000)
  to   space 15872K, 0% used [0x00000000e2700000,0x00000000e2700000,0x00000000e3680000)
 ParOldGen       total 100352K, used 23403K [0x0000000084c00000, 0x000000008ae00000, 0x00000000d6f00000)
  object space 100352K, 23% used [0x0000000084c00000,0x00000000862daec8,0x000000008ae00000)
 Metaspace       used 34898K, capacity 35274K, committed 35496K, reserved 1081344K
  class space    used 4414K, capacity 4524K, committed 4608K, reserved 1048576K
}
Event: 10.771 GC heap before
{Heap before GC invocations=11 (full 2):
 PSYoungGen      total 199680K, used 188416K [0x00000000d6f00000, 0x00000000e4600000, 0x0000000100000000)
  eden space 188416K, 100% used [0x00000000d6f00000,0x00000000e2700000,0x00000000e2700000)
  from space 11264K, 0% used [0x00000000e3680000,0x00000000e3680000,0x00000000e4180000)
  to   space 15872K, 0% used [0x00000000e2700000,0x00000000e2700000,0x00000000e3680000)
 ParOldGen       total 100352K, used 23403K [0x0000000084c00000, 0x000000008ae00000, 0x00000000d6f00000)
  object space 100352K, 23% used [0x0000000084c00000,0x00000000862daec8,0x000000008ae00000)
 Metaspace       used 44071K, capacity 44454K, committed 44800K, reserved 1087488K
  class space    used 5724K, capacity 5846K, committed 5888K, reserved 1048576K
Event: 10.791 GC heap after
Heap after GC invocations=11 (full 2):
 PSYoungGen      total 204288K, used 14868K [0x00000000d6f00000, 0x00000000e7680000, 0x0000000100000000)
  eden space 188416K, 0% used [0x00000000d6f00000,0x00000000d6f00000,0x00000000e2700000)
  from space 15872K, 93% used [0x00000000e2700000,0x00000000e3585198,0x00000000e3680000)
  to   space 17408K, 0% used [0x00000000e6580000,0x00000000e6580000,0x00000000e7680000)
 ParOldGen       total 100352K, used 23411K [0x0000000084c00000, 0x000000008ae00000, 0x00000000d6f00000)
  object space 100352K, 23% used [0x0000000084c00000,0x00000000862dcec8,0x000000008ae00000)
 Metaspace       used 44071K, capacity 44454K, committed 44800K, reserved 1087488K
  class space    used 5724K, capacity 5846K, committed 5888K, reserved 1048576K
}

