# JRE version: Java(TM) SE Runtime Environment (8.0_131-b11) (build 1.8.0_131-b11)
# Java VM: Java HotSpot(TM) 64-Bit Server VM (25.131-b11 mixed mode windows-amd64 compressed oops)
Heap:
 PSYoungGen      total 214528K, used 64708K [0x00000000eab00000, 0x00000000f9b80000, 0x0000000100000000)
  eden space 200192K, 29% used [0x00000000eab00000,0x00000000ee3c07a0,0x00000000f6e80000)
  from space 14336K, 46% used [0x00000000f6e80000,0x00000000f74f0bb8,0x00000000f7c80000)
  to   space 12800K, 0% used [0x00000000f7c80000,0x00000000f7c80000,0x00000000f8900000)
 ParOldGen       total 70656K, used 18730K [0x00000000c0000000, 0x00000000c4500000, 0x00000000eab00000)
  object space 70656K, 26% used [0x00000000c0000000,0x00000000c124aa68,0x00000000c4500000)
 Metaspace       used 38007K, capacity 39014K, committed 39256K, reserved 1083392K
  class space    used 5399K, capacity 5680K, committed 5760K, reserved 1048576K
GC Heap History (10 events):
Event: 3.697 GC heap before
{Heap before GC invocations=7 (full 1):
 PSYoungGen      total 68608K, used 63488K [0x00000000eab00000, 0x00000000f3b00000, 0x0000000100000000)
  eden space 63488K, 100% used [0x00000000eab00000,0x00000000ee900000,0x00000000ee900000)
  from space 5120K, 0% used [0x00000000ee900000,0x00000000ee900000,0x00000000eee00000)
  to   space 10240K, 0% used [0x00000000f3100000,0x00000000f3100000,0x00000000f3b00000)
 ParOldGen       total 49152K, used 7642K [0x00000000c0000000, 0x00000000c3000000, 0x00000000eab00000)
  object space 49152K, 15% used [0x00000000c0000000,0x00000000c0776850,0x00000000c3000000)
 Metaspace       used 26227K, capacity 26732K, committed 27008K, reserved 1073152K
  class space    used 3659K, capacity 3850K, committed 3968K, reserved 1048576K
Event: 3.704 GC heap after
Heap after GC invocations=7 (full 1):
 PSYoungGen      total 121856K, used 6939K [0x00000000eab00000, 0x00000000f3800000, 0x0000000100000000)
  eden space 114688K, 0% used [0x00000000eab00000,0x00000000eab00000,0x00000000f1b00000)
  from space 7168K, 96% used [0x00000000f3100000,0x00000000f37c6c58,0x00000000f3800000)
  to   space 10240K, 0% used [0x00000000f2400000,0x00000000f2400000,0x00000000f2e00000)
 ParOldGen       total 49152K, used 7642K [0x00000000c0000000, 0x00000000c3000000, 0x00000000eab00000)
  object space 49152K, 15% used [0x00000000c0000000,0x00000000c0776850,0x00000000c3000000)
 Metaspace       used 26227K, capacity 26732K, committed 27008K, reserved 1073152K
  class space    used 3659K, capacity 3850K, committed 3968K, reserved 1048576K
}
Event: 5.960 GC heap before
{Heap before GC invocations=8 (full 1):
 PSYoungGen      total 121856K, used 121627K [0x00000000eab00000, 0x00000000f3800000, 0x0000000100000000)
  eden space 114688K, 100% used [0x00000000eab00000,0x00000000f1b00000,0x00000000f1b00000)
  from space 7168K, 96% used [0x00000000f3100000,0x00000000f37c6c58,0x00000000f3800000)
  to   space 10240K, 0% used [0x00000000f2400000,0x00000000f2400000,0x00000000f2e00000)
 ParOldGen       total 49152K, used 7642K [0x00000000c0000000, 0x00000000c3000000, 0x00000000eab00000)
  object space 49152K, 15% used [0x00000000c0000000,0x00000000c0776850,0x00000000c3000000)
 Metaspace       used 33052K, capacity 33744K, committed 33920K, reserved 1079296K
  class space    used 4756K, capacity 4984K, committed 4992K, reserved 1048576K
Event: 5.973 GC heap after
Heap after GC invocations=8 (full 1):
 PSYoungGen      total 134144K, used 10215K [0x00000000eab00000, 0x00000000f8900000, 0x0000000100000000)
  eden space 123904K, 0% used [0x00000000eab00000,0x00000000eab00000,0x00000000f2400000)
  from space 10240K, 99% used [0x00000000f2400000,0x00000000f2df9f48,0x00000000f2e00000)
  to   space 12800K, 0% used [0x00000000f7c80000,0x00000000f7c80000,0x00000000f8900000)
 ParOldGen       total 49152K, used 10136K [0x00000000c0000000, 0x00000000c3000000, 0x00000000eab00000)
  object space 49152K, 20% used [0x00000000c0000000,0x00000000c09e62d8,0x00000000c3000000)
 Metaspace       used 33052K, capacity 33744K, committed 33920K, reserved 1079296K
  class space    used 4756K, capacity 4984K, committed 4992K, reserved 1048576K
}
Event: 6.388 GC heap before
{Heap before GC invocations=9 (full 1):
 PSYoungGen      total 134144K, used 55118K [0x00000000eab00000, 0x00000000f8900000, 0x0000000100000000)
  eden space 123904K, 36% used [0x00000000eab00000,0x00000000ed6d9c60,0x00000000f2400000)
  from space 10240K, 99% used [0x00000000f2400000,0x00000000f2df9f48,0x00000000f2e00000)
  to   space 12800K, 0% used [0x00000000f7c80000,0x00000000f7c80000,0x00000000f8900000)
 ParOldGen       total 49152K, used 10136K [0x00000000c0000000, 0x00000000c3000000, 0x00000000eab00000)
  object space 49152K, 20% used [0x00000000c0000000,0x00000000c09e62d8,0x00000000c3000000)
 Metaspace       used 34540K, capacity 35314K, committed 35416K, reserved 1079296K
  class space    used 5003K, capacity 5223K, committed 5248K, reserved 1048576K
Event: 6.408 GC heap after
Heap after GC invocations=9 (full 1):
 PSYoungGen      total 212992K, used 12500K [0x00000000eab00000, 0x00000000f9b80000, 0x0000000100000000)
  eden space 200192K, 0% used [0x00000000eab00000,0x00000000eab00000,0x00000000f6e80000)
  from space 12800K, 97% used [0x00000000f7c80000,0x00000000f88b5068,0x00000000f8900000)
  to   space 14336K, 0% used [0x00000000f6e80000,0x00000000f6e80000,0x00000000f7c80000)
 ParOldGen       total 49152K, used 10144K [0x00000000c0000000, 0x00000000c3000000, 0x00000000eab00000)
  object space 49152K, 20% used [0x00000000c0000000,0x00000000c09e82d8,0x00000000c3000000)
 Metaspace       used 34540K, capacity 35314K, committed 35416K, reserved 1079296K
  class space    used 5003K, capacity 5223K, committed 5248K, reserved 1048576K
}
Event: 6.408 GC heap before
{Heap before GC invocations=10 (full 2):
 PSYoungGen      total 212992K, used 12500K [0x00000000eab00000, 0x00000000f9b80000, 0x0000000100000000)
  eden space 200192K, 0% used [0x00000000eab00000,0x00000000eab00000,0x00000000f6e80000)
  from space 12800K, 97% used [0x00000000f7c80000,0x00000000f88b5068,0x00000000f8900000)
  to   space 14336K, 0% used [0x00000000f6e80000,0x00000000f6e80000,0x00000000f7c80000)
 ParOldGen       total 49152K, used 10144K [0x00000000c0000000, 0x00000000c3000000, 0x00000000eab00000)
  object space 49152K, 20% used [0x00000000c0000000,0x00000000c09e82d8,0x00000000c3000000)
 Metaspace       used 34540K, capacity 35314K, committed 35416K, reserved 1079296K
  class space    used 5003K, capacity 5223K, committed 5248K, reserved 1048576K
Event: 6.490 GC heap after
Heap after GC invocations=10 (full 2):
 PSYoungGen      total 212992K, used 0K [0x00000000eab00000, 0x00000000f9b80000, 0x0000000100000000)
  eden space 200192K, 0% used [0x00000000eab00000,0x00000000eab00000,0x00000000f6e80000)
  from space 12800K, 0% used [0x00000000f7c80000,0x00000000f7c80000,0x00000000f8900000)
  to   space 14336K, 0% used [0x00000000f6e80000,0x00000000f6e80000,0x00000000f7c80000)
 ParOldGen       total 70656K, used 18722K [0x00000000c0000000, 0x00000000c4500000, 0x00000000eab00000)
  object space 70656K, 26% used [0x00000000c0000000,0x00000000c1248a68,0x00000000c4500000)
 Metaspace       used 34540K, capacity 35314K, committed 35416K, reserved 1079296K
  class space    used 5003K, capacity 5223K, committed 5248K, reserved 1048576K
}
Event: 10.547 GC heap before
{Heap before GC invocations=11 (full 2):
 PSYoungGen      total 212992K, used 200192K [0x00000000eab00000, 0x00000000f9b80000, 0x0000000100000000)
  eden space 200192K, 100% used [0x00000000eab00000,0x00000000f6e80000,0x00000000f6e80000)
  from space 12800K, 0% used [0x00000000f7c80000,0x00000000f7c80000,0x00000000f8900000)
  to   space 14336K, 0% used [0x00000000f6e80000,0x00000000f6e80000,0x00000000f7c80000)
 ParOldGen       total 70656K, used 18722K [0x00000000c0000000, 0x00000000c4500000, 0x00000000eab00000)
  object space 70656K, 26% used [0x00000000c0000000,0x00000000c1248a68,0x00000000c4500000)
 Metaspace       used 36867K, capacity 37834K, committed 37976K, reserved 1081344K
  class space    used 5165K, capacity 5403K, committed 5504K, reserved 1048576K
Event: 10.553 GC heap after
Heap after GC invocations=11 (full 2):
 PSYoungGen      total 214528K, used 6594K [0x00000000eab00000, 0x00000000f9b80000, 0x0000000100000000)
  eden space 200192K, 0% used [0x00000000eab00000,0x00000000eab00000,0x00000000f6e80000)
  from space 14336K, 46% used [0x00000000f6e80000,0x00000000f74f0bb8,0x00000000f7c80000)
  to   space 12800K, 0% used [0x00000000f7c80000,0x00000000f7c80000,0x00000000f8900000)
 ParOldGen       total 70656K, used 18730K [0x00000000c0000000, 0x00000000c4500000, 0x00000000eab00000)
  object space 70656K, 26% used [0x00000000c0000000,0x00000000c124aa68,0x00000000c4500000)
 Metaspace       used 36867K, capacity 37834K, committed 37976K, reserved 1081344K
  class space    used 5165K, capacity 5403K, committed 5504K, reserved 1048576K
}

