# JRE version: Java(TM) SE Runtime Environment (8.0_131-b11) (build 1.8.0_131-b11)
# Java VM: Java HotSpot(TM) 64-Bit Server VM (25.131-b11 mixed mode windows-amd64 compressed oops)
Heap:
 PSYoungGen      total 226816K, used 40106K [0x00000000d6f00000, 0x00000000ead80000, 0x0000000100000000)
  eden space 210944K, 12% used [0x00000000d6f00000,0x00000000d88428e8,0x00000000e3d00000)
  from space 15872K, 89% used [0x00000000e3d00000,0x00000000e4ae8240,0x00000000e4c80000)
  to   space 17408K, 0% used [0x00000000e9c80000,0x00000000e9c80000,0x00000000ead80000)
 ParOldGen       total 81408K, used 23622K [0x0000000084c00000, 0x0000000089b80000, 0x00000000d6f00000)
  object space 81408K, 29% used [0x0000000084c00000,0x00000000863119f0,0x0000000089b80000)
 Metaspace       used 48028K, capacity 48414K, committed 48896K, reserved 1091584K
  class space    used 6224K, capacity 6332K, committed 6400K, reserved 1048576K
GC Heap History (10 events):
Event: 3.243 GC heap before
{Heap before GC invocations=7 (full 1):
 PSYoungGen      total 136192K, used 5554K [0x00000000d6f00000, 0x00000000dfd00000, 0x0000000100000000)
  eden space 126976K, 0% used [0x00000000d6f00000,0x00000000d6f00000,0x00000000deb00000)
  from space 9216K, 60% used [0x00000000df400000,0x00000000df96cbc0,0x00000000dfd00000)
  to   space 9216K, 0% used [0x00000000deb00000,0x00000000deb00000,0x00000000df400000)
 ParOldGen       total 84992K, used 6026K [0x0000000084c00000, 0x0000000089f00000, 0x00000000d6f00000)
  object space 84992K, 7% used [0x0000000084c00000,0x00000000851e2810,0x0000000089f00000)
 Metaspace       used 20929K, capacity 21216K, committed 21296K, reserved 1069056K
  class space    used 2564K, capacity 2677K, committed 2688K, reserved 1048576K
Event: 3.298 GC heap after
Heap after GC invocations=7 (full 1):
 PSYoungGen      total 136192K, used 0K [0x00000000d6f00000, 0x00000000dfd00000, 0x0000000100000000)
  eden space 126976K, 0% used [0x00000000d6f00000,0x00000000d6f00000,0x00000000deb00000)
  from space 9216K, 0% used [0x00000000df400000,0x00000000df400000,0x00000000dfd00000)
  to   space 9216K, 0% used [0x00000000deb00000,0x00000000deb00000,0x00000000df400000)
 ParOldGen       total 49664K, used 6549K [0x0000000084c00000, 0x0000000087c80000, 0x00000000d6f00000)
  object space 49664K, 13% used [0x0000000084c00000,0x00000000852656d8,0x0000000087c80000)
 Metaspace       used 20929K, capacity 21216K, committed 21296K, reserved 1069056K
  class space    used 2564K, capacity 2677K, committed 2688K, reserved 1048576K
}
Event: 6.640 GC heap before
{Heap before GC invocations=8 (full 1):
 PSYoungGen      total 136192K, used 126976K [0x00000000d6f00000, 0x00000000dfd00000, 0x0000000100000000)
  eden space 126976K, 100% used [0x00000000d6f00000,0x00000000deb00000,0x00000000deb00000)
  from space 9216K, 0% used [0x00000000df400000,0x00000000df400000,0x00000000dfd00000)
  to   space 9216K, 0% used [0x00000000deb00000,0x00000000deb00000,0x00000000df400000)
 ParOldGen       total 49664K, used 6549K [0x0000000084c00000, 0x0000000087c80000, 0x00000000d6f00000)
  object space 49664K, 13% used [0x0000000084c00000,0x00000000852656d8,0x0000000087c80000)
 Metaspace       used 27445K, capacity 27802K, committed 28160K, reserved 1073152K
  class space    used 3388K, capacity 3492K, committed 3584K, reserved 1048576K
Event: 6.652 GC heap after
Heap after GC invocations=8 (full 1):
 PSYoungGen      total 136192K, used 9190K [0x00000000d6f00000, 0x00000000e5900000, 0x0000000100000000)
  eden space 126976K, 0% used [0x00000000d6f00000,0x00000000d6f00000,0x00000000deb00000)
  from space 9216K, 99% used [0x00000000deb00000,0x00000000df3f9a28,0x00000000df400000)
  to   space 11264K, 0% used [0x00000000e4e00000,0x00000000e4e00000,0x00000000e5900000)
 ParOldGen       total 49664K, used 9097K [0x0000000084c00000, 0x0000000087c80000, 0x00000000d6f00000)
  object space 49664K, 18% used [0x0000000084c00000,0x00000000854e2410,0x0000000087c80000)
 Metaspace       used 27445K, capacity 27802K, committed 28160K, reserved 1073152K
  class space    used 3388K, capacity 3492K, committed 3584K, reserved 1048576K
}
Event: 8.532 GC heap before
{Heap before GC invocations=9 (full 1):
 PSYoungGen      total 136192K, used 131107K [0x00000000d6f00000, 0x00000000e5900000, 0x0000000100000000)
  eden space 126976K, 96% used [0x00000000d6f00000,0x00000000de60f330,0x00000000deb00000)
  from space 9216K, 99% used [0x00000000deb00000,0x00000000df3f9a28,0x00000000df400000)
  to   space 11264K, 0% used [0x00000000e4e00000,0x00000000e4e00000,0x00000000e5900000)
 ParOldGen       total 49664K, used 9097K [0x0000000084c00000, 0x0000000087c80000, 0x00000000d6f00000)
  object space 49664K, 18% used [0x0000000084c00000,0x00000000854e2410,0x0000000087c80000)
 Metaspace       used 34963K, capacity 35274K, committed 35496K, reserved 1081344K
  class space    used 4425K, capacity 4524K, committed 4608K, reserved 1048576K
Event: 8.546 GC heap after
Heap after GC invocations=9 (full 1):
 PSYoungGen      total 222208K, used 11252K [0x00000000d6f00000, 0x00000000e5c00000, 0x0000000100000000)
  eden space 210944K, 0% used [0x00000000d6f00000,0x00000000d6f00000,0x00000000e3d00000)
  from space 11264K, 99% used [0x00000000e4e00000,0x00000000e58fd128,0x00000000e5900000)
  to   space 15872K, 0% used [0x00000000e3d00000,0x00000000e3d00000,0x00000000e4c80000)
 ParOldGen       total 49664K, used 15783K [0x0000000084c00000, 0x0000000087c80000, 0x00000000d6f00000)
  object space 49664K, 31% used [0x0000000084c00000,0x0000000085b69f48,0x0000000087c80000)
 Metaspace       used 34963K, capacity 35274K, committed 35496K, reserved 1081344K
  class space    used 4425K, capacity 4524K, committed 4608K, reserved 1048576K
}
Event: 8.546 GC heap before
{Heap before GC invocations=10 (full 2):
 PSYoungGen      total 222208K, used 11252K [0x00000000d6f00000, 0x00000000e5c00000, 0x0000000100000000)
  eden space 210944K, 0% used [0x00000000d6f00000,0x00000000d6f00000,0x00000000e3d00000)
  from space 11264K, 99% used [0x00000000e4e00000,0x00000000e58fd128,0x00000000e5900000)
  to   space 15872K, 0% used [0x00000000e3d00000,0x00000000e3d00000,0x00000000e4c80000)
 ParOldGen       total 49664K, used 15783K [0x0000000084c00000, 0x0000000087c80000, 0x00000000d6f00000)
  object space 49664K, 31% used [0x0000000084c00000,0x0000000085b69f48,0x0000000087c80000)
 Metaspace       used 34963K, capacity 35274K, committed 35496K, reserved 1081344K
  class space    used 4425K, capacity 4524K, committed 4608K, reserved 1048576K
Event: 8.608 GC heap after
Heap after GC invocations=10 (full 2):
 PSYoungGen      total 222208K, used 0K [0x00000000d6f00000, 0x00000000e5c00000, 0x0000000100000000)
  eden space 210944K, 0% used [0x00000000d6f00000,0x00000000d6f00000,0x00000000e3d00000)
  from space 11264K, 0% used [0x00000000e4e00000,0x00000000e4e00000,0x00000000e5900000)
  to   space 15872K, 0% used [0x00000000e3d00000,0x00000000e3d00000,0x00000000e4c80000)
 ParOldGen       total 81408K, used 23614K [0x0000000084c00000, 0x0000000089b80000, 0x00000000d6f00000)
  object space 81408K, 29% used [0x0000000084c00000,0x000000008630f9f0,0x0000000089b80000)
 Metaspace       used 34963K, capacity 35274K, committed 35496K, reserved 1081344K
  class space    used 4425K, capacity 4524K, committed 4608K, reserved 1048576K
}
Event: 54.162 GC heap before
{Heap before GC invocations=11 (full 2):
 PSYoungGen      total 222208K, used 210944K [0x00000000d6f00000, 0x00000000e5c00000, 0x0000000100000000)
  eden space 210944K, 100% used [0x00000000d6f00000,0x00000000e3d00000,0x00000000e3d00000)
  from space 11264K, 0% used [0x00000000e4e00000,0x00000000e4e00000,0x00000000e5900000)
  to   space 15872K, 0% used [0x00000000e3d00000,0x00000000e3d00000,0x00000000e4c80000)
 ParOldGen       total 81408K, used 23614K [0x0000000084c00000, 0x0000000089b80000, 0x00000000d6f00000)
  object space 81408K, 29% used [0x0000000084c00000,0x000000008630f9f0,0x0000000089b80000)
 Metaspace       used 45051K, capacity 45450K, committed 45952K, reserved 1089536K
  class space    used 5850K, capacity 5944K, committed 6016K, reserved 1048576K
Event: 54.176 GC heap after
Heap after GC invocations=11 (full 2):
 PSYoungGen      total 226816K, used 14240K [0x00000000d6f00000, 0x00000000ead80000, 0x0000000100000000)
  eden space 210944K, 0% used [0x00000000d6f00000,0x00000000d6f00000,0x00000000e3d00000)
  from space 15872K, 89% used [0x00000000e3d00000,0x00000000e4ae8240,0x00000000e4c80000)
  to   space 17408K, 0% used [0x00000000e9c80000,0x00000000e9c80000,0x00000000ead80000)
 ParOldGen       total 81408K, used 23622K [0x0000000084c00000, 0x0000000089b80000, 0x00000000d6f00000)
  object space 81408K, 29% used [0x0000000084c00000,0x00000000863119f0,0x0000000089b80000)
 Metaspace       used 45051K, capacity 45450K, committed 45952K, reserved 1089536K
  class space    used 5850K, capacity 5944K, committed 6016K, reserved 1048576K
}

